c:\users\shisslers\source\repos\interactivespc_rev21a - copy\opengl_on_a_windows_form\release\opengl_on_a_windows_form.pch
c:\users\shisslers\source\repos\interactivespc_rev21a - copy\opengl_on_a_windows_form\release\vc142.pdb
c:\users\shisslers\source\repos\interactivespc_rev21a - copy\opengl_on_a_windows_form\release\stdafx.obj
c:\users\shisslers\source\repos\interactivespc_rev21a - copy\opengl_on_a_windows_form\release\opengl_on_a_windows_form.obj
c:\users\shisslers\source\repos\interactivespc_rev21a - copy\opengl_on_a_windows_form\release\filehandling.obj
c:\users\shisslers\source\repos\interactivespc_rev21a - copy\opengl_on_a_windows_form\release\interactivespc.obj
c:\users\shisslers\source\repos\interactivespc_rev21a - copy\opengl_on_a_windows_form\release\assemblyinfo.obj
c:\users\shisslers\source\repos\interactivespc_rev21a - copy\opengl_on_a_windows_form\release\.netframework,version=v4.0.assemblyattributes.obj
c:\users\shisslers\source\repos\interactivespc_rev21a - copy\release\opengl_on_a_windows_form.exe
c:\users\shisslers\source\repos\interactivespc_rev21a - copy\release\opengl_on_a_windows_form.pdb
c:\users\shisslers\source\repos\interactivespc_rev21a - copy\opengl_on_a_windows_form\release\opengl_on_a_windows_form.form1.resources
c:\users\shisslers\source\repos\interactivespc_rev21a - copy\opengl_on_a_windows_form\release\app.res
c:\users\shisslers\source\repos\interactivespc_rev21a - copy\opengl_on_a_windows_form\release\opengl_on_a_windows_form.vcxprojassemblyreference.cache
c:\users\shisslers\source\repos\interactivespc_rev21a - copy\opengl_on_a_windows_form\release\opengl_on_a_windows_form.pchast
c:\users\shisslers\source\repos\interactivespc_rev21a - copy\opengl_on_a_windows_form\release\opengl_o.d4e3ab88.tlog\cl.command.1.tlog
c:\users\shisslers\source\repos\interactivespc_rev21a - copy\opengl_on_a_windows_form\release\opengl_o.d4e3ab88.tlog\cl.read.1.tlog
c:\users\shisslers\source\repos\interactivespc_rev21a - copy\opengl_on_a_windows_form\release\opengl_o.d4e3ab88.tlog\cl.write.1.tlog
c:\users\shisslers\source\repos\interactivespc_rev21a - copy\opengl_on_a_windows_form\release\opengl_o.d4e3ab88.tlog\link.command.1.tlog
c:\users\shisslers\source\repos\interactivespc_rev21a - copy\opengl_on_a_windows_form\release\opengl_o.d4e3ab88.tlog\link.delete.1.tlog
c:\users\shisslers\source\repos\interactivespc_rev21a - copy\opengl_on_a_windows_form\release\opengl_o.d4e3ab88.tlog\link.read.1.tlog
c:\users\shisslers\source\repos\interactivespc_rev21a - copy\opengl_on_a_windows_form\release\opengl_o.d4e3ab88.tlog\link.write.1.tlog
c:\users\shisslers\source\repos\interactivespc_rev21a - copy\opengl_on_a_windows_form\release\opengl_o.d4e3ab88.tlog\metagen.read.1.tlog
c:\users\shisslers\source\repos\interactivespc_rev21a - copy\opengl_on_a_windows_form\release\opengl_o.d4e3ab88.tlog\metagen.write.1.tlog
c:\users\shisslers\source\repos\interactivespc_rev21a - copy\opengl_on_a_windows_form\release\opengl_o.d4e3ab88.tlog\opengl_on_a_windows_form.write.1u.tlog
c:\users\shisslers\source\repos\interactivespc_rev21a - copy\opengl_on_a_windows_form\release\opengl_o.d4e3ab88.tlog\rc.command.1.tlog
c:\users\shisslers\source\repos\interactivespc_rev21a - copy\opengl_on_a_windows_form\release\opengl_o.d4e3ab88.tlog\rc.read.1.tlog
c:\users\shisslers\source\repos\interactivespc_rev21a - copy\opengl_on_a_windows_form\release\opengl_o.d4e3ab88.tlog\rc.write.1.tlog
