  stdafx.cpp
  AssemblyInfo.cpp
C:\Users\shisslers\Documents\GitHub\SPCVis\OpenGL_on_a_Windows_Form\AssemblyInfo.cpp(40,29): warning C4947: 'System::Security::Permissions::SecurityAction::RequestMinimum': marked as obsolete
C:\Users\shisslers\Documents\GitHub\SPCVis\OpenGL_on_a_Windows_Form\AssemblyInfo.cpp(40,29): message : Message: 'Assembly level declarative security is obsolete and is no longer enforced by the CLR by default. See http://go.microsoft.com/fwlink/?LinkID=155570 for more information.'
  InteractiveSPC.cpp
C:\Users\shisslers\Documents\GitHub\SPCVis\OpenGL_on_a_Windows_Form\ClassData.h(279,22): warning C4018: '<': signed/unsigned mismatch
C:\Users\shisslers\Documents\GitHub\SPCVis\OpenGL_on_a_Windows_Form\ClassData.h(319,29): warning C4018: '<': signed/unsigned mismatch
C:\Users\shisslers\Documents\GitHub\SPCVis\OpenGL_on_a_Windows_Form\ClassData.h(328,29): warning C4018: '<': signed/unsigned mismatch
C:\Users\shisslers\Documents\GitHub\SPCVis\OpenGL_on_a_Windows_Form\ClassData.h(345,10): warning C4018: '<': signed/unsigned mismatch
C:\Users\shisslers\Documents\GitHub\SPCVis\OpenGL_on_a_Windows_Form\ClassData.h(367,22): warning C4018: '<': signed/unsigned mismatch
C:\Users\shisslers\Documents\GitHub\SPCVis\OpenGL_on_a_Windows_Form\ClassData.h(384,9): warning C4996: 'strcpy': This function or variable may be unsafe. Consider using strcpy_s instead. To disable deprecation, use _CRT_SECURE_NO_WARNINGS. See online help for details.
C:\Users\shisslers\Documents\GitHub\SPCVis\OpenGL_on_a_Windows_Form\InteractiveSPC.cpp(26,22): warning C4018: '<': signed/unsigned mismatch
C:\Users\shisslers\Documents\GitHub\SPCVis\OpenGL_on_a_Windows_Form\InteractiveSPC.cpp(157,21): warning C4018: '<': signed/unsigned mismatch
C:\Users\shisslers\Documents\GitHub\SPCVis\OpenGL_on_a_Windows_Form\InteractiveSPC.cpp(163,21): warning C4018: '<': signed/unsigned mismatch
C:\Users\shisslers\Documents\GitHub\SPCVis\OpenGL_on_a_Windows_Form\InteractiveSPC.cpp(235,21): warning C4018: '<': signed/unsigned mismatch
C:\Users\shisslers\Documents\GitHub\SPCVis\OpenGL_on_a_Windows_Form\InteractiveSPC.cpp(251,21): warning C4018: '<': signed/unsigned mismatch
C:\Users\shisslers\Documents\GitHub\SPCVis\OpenGL_on_a_Windows_Form\InteractiveSPC.cpp(268,21): warning C4018: '<': signed/unsigned mismatch
  FileHandling.cpp
C:\Users\shisslers\Documents\GitHub\SPCVis\OpenGL_on_a_Windows_Form\ClassData.h(279,22): warning C4018: '<': signed/unsigned mismatch
C:\Users\shisslers\Documents\GitHub\SPCVis\OpenGL_on_a_Windows_Form\ClassData.h(319,29): warning C4018: '<': signed/unsigned mismatch
C:\Users\shisslers\Documents\GitHub\SPCVis\OpenGL_on_a_Windows_Form\ClassData.h(328,29): warning C4018: '<': signed/unsigned mismatch
C:\Users\shisslers\Documents\GitHub\SPCVis\OpenGL_on_a_Windows_Form\ClassData.h(345,10): warning C4018: '<': signed/unsigned mismatch
C:\Users\shisslers\Documents\GitHub\SPCVis\OpenGL_on_a_Windows_Form\ClassData.h(367,22): warning C4018: '<': signed/unsigned mismatch
C:\Users\shisslers\Documents\GitHub\SPCVis\OpenGL_on_a_Windows_Form\ClassData.h(384,9): warning C4996: 'strcpy': This function or variable may be unsafe. Consider using strcpy_s instead. To disable deprecation, use _CRT_SECURE_NO_WARNINGS. See online help for details.
C:\Users\shisslers\Documents\GitHub\SPCVis\OpenGL_on_a_Windows_Form\FileHandling.cpp(57,20): warning C4018: '<': signed/unsigned mismatch
C:\Users\shisslers\Documents\GitHub\SPCVis\OpenGL_on_a_Windows_Form\FileHandling.cpp(66,21): warning C4018: '<': signed/unsigned mismatch
C:\Users\shisslers\Documents\GitHub\SPCVis\OpenGL_on_a_Windows_Form\FileHandling.cpp(142,20): warning C4018: '<': signed/unsigned mismatch
C:\Users\shisslers\Documents\GitHub\SPCVis\OpenGL_on_a_Windows_Form\FileHandling.cpp(144,21): warning C4018: '<': signed/unsigned mismatch
C:\Users\shisslers\Documents\GitHub\SPCVis\OpenGL_on_a_Windows_Form\FileHandling.cpp(162,20): warning C4018: '<': signed/unsigned mismatch
C:\Users\shisslers\Documents\GitHub\SPCVis\OpenGL_on_a_Windows_Form\FileHandling.cpp(163,21): warning C4018: '<': signed/unsigned mismatch
C:\Users\shisslers\Documents\GitHub\SPCVis\OpenGL_on_a_Windows_Form\FileHandling.cpp(207,20): warning C4018: '<': signed/unsigned mismatch
C:\Users\shisslers\Documents\GitHub\SPCVis\OpenGL_on_a_Windows_Form\FileHandling.cpp(209,21): warning C4018: '<': signed/unsigned mismatch
C:\Users\shisslers\Documents\GitHub\SPCVis\OpenGL_on_a_Windows_Form\FileHandling.cpp(225,20): warning C4018: '<': signed/unsigned mismatch
C:\Users\shisslers\Documents\GitHub\SPCVis\OpenGL_on_a_Windows_Form\FileHandling.cpp(226,21): warning C4018: '<': signed/unsigned mismatch
C:\Users\shisslers\Documents\GitHub\SPCVis\OpenGL_on_a_Windows_Form\FileHandling.cpp(270,38): warning C4101: 'ia': unreferenced local variable
  OpenGL_on_a_Windows_Form.cpp
C:\Users\shisslers\Documents\GitHub\SPCVis\OpenGL_on_a_Windows_Form\ClassData.h(279,22): warning C4018: '<': signed/unsigned mismatch
C:\Users\shisslers\Documents\GitHub\SPCVis\OpenGL_on_a_Windows_Form\ClassData.h(319,29): warning C4018: '<': signed/unsigned mismatch
C:\Users\shisslers\Documents\GitHub\SPCVis\OpenGL_on_a_Windows_Form\ClassData.h(328,29): warning C4018: '<': signed/unsigned mismatch
C:\Users\shisslers\Documents\GitHub\SPCVis\OpenGL_on_a_Windows_Form\ClassData.h(345,10): warning C4018: '<': signed/unsigned mismatch
C:\Users\shisslers\Documents\GitHub\SPCVis\OpenGL_on_a_Windows_Form\ClassData.h(367,22): warning C4018: '<': signed/unsigned mismatch
C:\Users\shisslers\Documents\GitHub\SPCVis\OpenGL_on_a_Windows_Form\ClassData.h(384,9): warning C4996: 'strcpy': This function or variable may be unsafe. Consider using strcpy_s instead. To disable deprecation, use _CRT_SECURE_NO_WARNINGS. See online help for details.
C:\Users\shisslers\Documents\GitHub\SPCVis\OpenGL_on_a_Windows_Form\OpenGL3.h(714,20): warning C4018: '<': signed/unsigned mismatch
C:\Users\shisslers\Documents\GitHub\SPCVis\OpenGL_on_a_Windows_Form\OpenGL3.h(723,20): warning C4018: '<': signed/unsigned mismatch
C:\Users\shisslers\Documents\GitHub\SPCVis\OpenGL_on_a_Windows_Form\OpenGL3.h(739,20): warning C4018: '<': signed/unsigned mismatch
C:\Users\shisslers\Documents\GitHub\SPCVis\OpenGL_on_a_Windows_Form\OpenGL3.h(799,20): warning C4018: '<': signed/unsigned mismatch
C:\Users\shisslers\Documents\GitHub\SPCVis\OpenGL_on_a_Windows_Form\OpenGL3.h(809,20): warning C4018: '<': signed/unsigned mismatch
C:\Users\shisslers\Documents\GitHub\SPCVis\OpenGL_on_a_Windows_Form\OpenGL3.h(811,21): warning C4018: '<': signed/unsigned mismatch
C:\Users\shisslers\Documents\GitHub\SPCVis\OpenGL_on_a_Windows_Form\OpenGL3.h(824,21): warning C4018: '<': signed/unsigned mismatch
C:\Users\shisslers\Documents\GitHub\SPCVis\OpenGL_on_a_Windows_Form\OpenGL3.h(826,26): warning C4018: '<': signed/unsigned mismatch
C:\Users\shisslers\Documents\GitHub\SPCVis\OpenGL_on_a_Windows_Form\OpenGL3.h(842,21): warning C4018: '<': signed/unsigned mismatch
C:\Users\shisslers\Documents\GitHub\SPCVis\OpenGL_on_a_Windows_Form\OpenGL3.h(861,20): warning C4018: '<': signed/unsigned mismatch
C:\Users\shisslers\Documents\GitHub\SPCVis\OpenGL_on_a_Windows_Form\OpenGL3.h(1007,19): warning C4018: '<': signed/unsigned mismatch
C:\Users\shisslers\Documents\GitHub\SPCVis\OpenGL_on_a_Windows_Form\OpenGL3.h(1049,21): warning C4018: '<': signed/unsigned mismatch
C:\Users\shisslers\Documents\GitHub\SPCVis\OpenGL_on_a_Windows_Form\OpenGL3.h(1054,20): warning C4018: '<': signed/unsigned mismatch
C:\Users\shisslers\Documents\GitHub\SPCVis\OpenGL_on_a_Windows_Form\OpenGL3.h(1064,21): warning C4018: '<': signed/unsigned mismatch
C:\Users\shisslers\Documents\GitHub\SPCVis\OpenGL_on_a_Windows_Form\OpenGL3.h(1080,20): warning C4018: '<': signed/unsigned mismatch
C:\Users\shisslers\Documents\GitHub\SPCVis\OpenGL_on_a_Windows_Form\OpenGL3.h(1125,20): warning C4018: '<': signed/unsigned mismatch
C:\Users\shisslers\Documents\GitHub\SPCVis\OpenGL_on_a_Windows_Form\OpenGL3.h(1131,20): warning C4018: '<': signed/unsigned mismatch
C:\Users\shisslers\Documents\GitHub\SPCVis\OpenGL_on_a_Windows_Form\OpenGL3.h(1162,20): warning C4018: '<': signed/unsigned mismatch
C:\Users\shisslers\Documents\GitHub\SPCVis\OpenGL_on_a_Windows_Form\OpenGL3.h(1167,20): warning C4018: '<': signed/unsigned mismatch
C:\Users\shisslers\Documents\GitHub\SPCVis\OpenGL_on_a_Windows_Form\OpenGL3.h(1182,20): warning C4018: '<': signed/unsigned mismatch
C:\Users\shisslers\Documents\GitHub\SPCVis\OpenGL_on_a_Windows_Form\OpenGL3.h(1202,20): warning C4018: '<': signed/unsigned mismatch
C:\Users\shisslers\Documents\GitHub\SPCVis\OpenGL_on_a_Windows_Form\OpenGL3.h(1273,20): warning C4018: '<': signed/unsigned mismatch
C:\Users\shisslers\Documents\GitHub\SPCVis\OpenGL_on_a_Windows_Form\OpenGL3.h(1293,20): warning C4018: '<': signed/unsigned mismatch
C:\Users\shisslers\Documents\GitHub\SPCVis\OpenGL_on_a_Windows_Form\OpenGL3.h(1316,20): warning C4018: '<': signed/unsigned mismatch
C:\Users\shisslers\Documents\GitHub\SPCVis\OpenGL_on_a_Windows_Form\OpenGL3.h(1319,21): warning C4018: '<': signed/unsigned mismatch
C:\Users\shisslers\Documents\GitHub\SPCVis\OpenGL_on_a_Windows_Form\OpenGL3.h(1333,20): warning C4018: '<': signed/unsigned mismatch
C:\Users\shisslers\Documents\GitHub\SPCVis\OpenGL_on_a_Windows_Form\OpenGL3.h(1341,20): warning C4018: '<': signed/unsigned mismatch
C:\Users\shisslers\Documents\GitHub\SPCVis\OpenGL_on_a_Windows_Form\OpenGL3.h(1466,21): warning C4018: '<': signed/unsigned mismatch
C:\Users\shisslers\Documents\GitHub\SPCVis\OpenGL_on_a_Windows_Form\OpenGL3.h(1501,21): warning C4018: '<': signed/unsigned mismatch
C:\Users\shisslers\Documents\GitHub\SPCVis\OpenGL_on_a_Windows_Form\OpenGL3.h(1533,20): warning C4018: '<': signed/unsigned mismatch
C:\Users\shisslers\Documents\GitHub\SPCVis\OpenGL_on_a_Windows_Form\OpenGL3.h(1560,20): warning C4018: '<=': signed/unsigned mismatch
C:\Users\shisslers\Documents\GitHub\SPCVis\OpenGL_on_a_Windows_Form\OpenGL3.h(1562,21): warning C4018: '<': signed/unsigned mismatch
C:\Users\shisslers\Documents\GitHub\SPCVis\OpenGL_on_a_Windows_Form\OpenGL3.h(1564,22): warning C4018: '<': signed/unsigned mismatch
C:\Users\shisslers\Documents\GitHub\SPCVis\OpenGL_on_a_Windows_Form\OpenGL3.h(1585,20): warning C4018: '<': signed/unsigned mismatch
C:\Users\shisslers\Documents\GitHub\SPCVis\OpenGL_on_a_Windows_Form\OpenGL3.h(1588,21): warning C4018: '<': signed/unsigned mismatch
C:\Users\shisslers\Documents\GitHub\SPCVis\OpenGL_on_a_Windows_Form\OpenGL3.h(1590,22): warning C4018: '<': signed/unsigned mismatch
C:\Users\shisslers\Documents\GitHub\SPCVis\OpenGL_on_a_Windows_Form\OpenGL3.h(1607,20): warning C4018: '<': signed/unsigned mismatch
C:\Users\shisslers\Documents\GitHub\SPCVis\OpenGL_on_a_Windows_Form\OpenGL3.h(1610,21): warning C4018: '<': signed/unsigned mismatch
C:\Users\shisslers\Documents\GitHub\SPCVis\OpenGL_on_a_Windows_Form\OpenGL3.h(1612,22): warning C4018: '<': signed/unsigned mismatch
C:\Users\shisslers\Documents\GitHub\SPCVis\OpenGL_on_a_Windows_Form\OpenGL3.h(1632,24): warning C4018: '<': signed/unsigned mismatch
C:\Users\shisslers\Documents\GitHub\SPCVis\OpenGL_on_a_Windows_Form\OpenGL3.h(1634,23): warning C4018: '<': signed/unsigned mismatch
C:\Users\shisslers\Documents\GitHub\SPCVis\OpenGL_on_a_Windows_Form\OpenGL3.h(1646,22): warning C4018: '<': signed/unsigned mismatch
C:\Users\shisslers\Documents\GitHub\SPCVis\OpenGL_on_a_Windows_Form\OpenGL3.h(1648,21): warning C4018: '<': signed/unsigned mismatch
C:\Users\shisslers\Documents\GitHub\SPCVis\OpenGL_on_a_Windows_Form\OpenGL3.h(1663,22): warning C4018: '<': signed/unsigned mismatch
C:\Users\shisslers\Documents\GitHub\SPCVis\OpenGL_on_a_Windows_Form\OpenGL3.h(1665,28): warning C4018: '<': signed/unsigned mismatch
C:\Users\shisslers\Documents\GitHub\SPCVis\OpenGL_on_a_Windows_Form\OpenGL3.h(1699,22): warning C4018: '<': signed/unsigned mismatch
C:\Users\shisslers\Documents\GitHub\SPCVis\OpenGL_on_a_Windows_Form\OpenGL3.h(1726,24): warning C4018: '<': signed/unsigned mismatch
C:\Users\shisslers\Documents\GitHub\SPCVis\OpenGL_on_a_Windows_Form\OpenGL3.h(1762,22): warning C4018: '<': signed/unsigned mismatch
C:\Users\shisslers\Documents\GitHub\SPCVis\OpenGL_on_a_Windows_Form\OpenGL3.h(1764,21): warning C4018: '<': signed/unsigned mismatch
C:\Users\shisslers\Documents\GitHub\SPCVis\OpenGL_on_a_Windows_Form\OpenGL3.h(1783,22): warning C4018: '<': signed/unsigned mismatch
C:\Users\shisslers\Documents\GitHub\SPCVis\OpenGL_on_a_Windows_Form\OpenGL3.h(1785,23): warning C4018: '<': signed/unsigned mismatch
C:\Users\shisslers\Documents\GitHub\SPCVis\OpenGL_on_a_Windows_Form\OpenGL3.h(1796,22): warning C4018: '<': signed/unsigned mismatch
C:\Users\shisslers\Documents\GitHub\SPCVis\OpenGL_on_a_Windows_Form\OpenGL3.h(1798,28): warning C4018: '<': signed/unsigned mismatch
C:\Users\shisslers\Documents\GitHub\SPCVis\OpenGL_on_a_Windows_Form\OpenGL3.h(1824,20): warning C4018: '<': signed/unsigned mismatch
C:\Users\shisslers\Documents\GitHub\SPCVis\OpenGL_on_a_Windows_Form\OpenGL3.h(1827,21): warning C4018: '<': signed/unsigned mismatch
C:\Users\shisslers\Documents\GitHub\SPCVis\OpenGL_on_a_Windows_Form\OpenGL3.h(1830,23): warning C4018: '<': signed/unsigned mismatch
C:\Users\shisslers\Documents\GitHub\SPCVis\OpenGL_on_a_Windows_Form\OpenGL3.h(1951,20): warning C4018: '<': signed/unsigned mismatch
C:\Users\shisslers\Documents\GitHub\SPCVis\OpenGL_on_a_Windows_Form\OpenGL3.h(1954,21): warning C4018: '<': signed/unsigned mismatch
C:\Users\shisslers\Documents\GitHub\SPCVis\OpenGL_on_a_Windows_Form\OpenGL3.h(2128,19): warning C4018: '<': signed/unsigned mismatch
C:\Users\shisslers\Documents\GitHub\SPCVis\OpenGL_on_a_Windows_Form\OpenGL3.h(2139,20): warning C4018: '<': signed/unsigned mismatch
C:\Users\shisslers\Documents\GitHub\SPCVis\OpenGL_on_a_Windows_Form\OpenGL3.h(2143,22): warning C4018: '<': signed/unsigned mismatch
C:\Users\shisslers\Documents\GitHub\SPCVis\OpenGL_on_a_Windows_Form\OpenGL3.h(2155,20): warning C4018: '<': signed/unsigned mismatch
C:\Users\shisslers\Documents\GitHub\SPCVis\OpenGL_on_a_Windows_Form\OpenGL3.h(2159,22): warning C4018: '<': signed/unsigned mismatch
  Generating Code...
  .NETFramework,Version=v4.0.AssemblyAttributes.cpp
  LINK : /LTCG specified but no code generation required; remove /LTCG from the link command line to improve linker performance
InteractiveSPC.obj : warning LNK4248: unresolved typeref token (01000021) for 'GLUquadric'; image may not run
  OpenGL_on_a_Windows_Form.vcxproj -> C:\Users\shisslers\Documents\GitHub\SPCVis\Release\OpenGL_on_a_Windows_Form.exe
